<?xml version="1.0" encoding="UTF-8"?>
<!-- Generated by org.testng.reporters.JUnitReportReporter -->
<testsuite skipped="0" hostname="BDC4-L-5LW6QQ2" name="com.test.NewTest1" tests="1" failures="0" timestamp="17 Jul 2019 17:26:30 GMT" time="0.021" errors="0">
  <testcase name="test1" time="0.021" classname="com.test.NewTest1"/>
</testsuite> <!-- com.test.NewTest1 -->
